This is pdfTeX, Version 3.14159265-2.6-1.40.21 (TeX Live 2020) (preloaded format=pdftex 2020.4.29)  11 AUG 2020 22:16
entering extended mode
 restricted \write18 enabled.
 file:line:error style messages enabled.
 %&-line parsing enabled.
**fees.tex
(./fees.tex
./fees.tex:1: Undefined control sequence.
l.1      @ \multicolumn
                       {7}{c}{\textbf{Goods \& Services}}\\ \hline
The control sequence at the end of the top line
of your error message was never \def'ed. If you have
misspelled it (e.g., `\hobx'), type `I' and the correct
spelling (e.g., `I\hbox'). Otherwise just continue,
and I'll forget about whatever was undefined.

./fees.tex:1: Undefined control sequence.
l.1      @ \multicolumn{7}{c}{\textbf
                                     {Goods \& Services}}\\ \hline
The control sequence at the end of the top line
of your error message was never \def'ed. If you have
misspelled it (e.g., `\hobx'), type `I' and the correct
spelling (e.g., `I\hbox'). Otherwise just continue,
and I'll forget about whatever was undefined.

)
Runaway argument?
 \hline @ \textbf {№} & @ \textbf {Date(s)} & @ \textbf {Descriptio\ETC.
! File ended while scanning use of \\.
<inserted text> 
                \par 
<*> fees.tex
            
I suspect you have forgotten a `}', causing me
to read past where you wanted me to stop.
I'll try to recover; but if the error is serious,
you'd better type `E' or `X' now and fix your file.

! Emergency stop.
<*> fees.tex
            
*** (job aborted, no legal \end found)

!  ==> Fatal error occurred, no output PDF file produced!
